Command line invocation:
    /Applications/Xcode-beta-3.app/Contents/Developer/usr/bin/xcodebuild -project /Users/victorj/Projects/ish64/ios/build-xcode/ish64_ios.xcodeproj -scheme ish64_ios -configuration Debug -sdk iphoneos -destination generic/platform=iOS build

Build settings from command line:
    SDKROOT = iphoneos26.0

ComputePackagePrebuildTargetDependencyGraph

CreateBuildRequest

SendProjectDescription

CreateBuildOperation

ComputeTargetDependencyGraph
note: Building targets in dependency order
note: Target dependency graph (3 targets)
    Target 'ish64_ios' in project 'ish64_ios'
        ➜ Explicit dependency on target 'ishcore' in project 'ish64_ios'
        ➜ Explicit dependency on target 'ZERO_CHECK' in project 'ish64_ios'
    Target 'ishcore' in project 'ish64_ios'
        ➜ Explicit dependency on target 'ZERO_CHECK' in project 'ish64_ios'
    Target 'ZERO_CHECK' in project 'ish64_ios' (no dependencies)

GatherProvisioningInputs

CreateBuildDescription

ExecuteExternalTool /Applications/Xcode-beta-3.app/Contents/Developer/Toolchains/XcodeDefault.xctoolchain/usr/bin/clang -v -E -dM -isysroot /Applications/Xcode-beta-3.app/Contents/Developer/Platforms/iPhoneOS.platform/Developer/SDKs/iPhoneOS26.0.sdk -x c -c /dev/null

ExecuteExternalTool /Applications/Xcode-beta-3.app/Contents/Developer/Toolchains/XcodeDefault.xctoolchain/usr/bin/clang -v -E -dM -arch arm64 -isysroot /Applications/Xcode-beta-3.app/Contents/Developer/Platforms/iPhoneOS.platform/Developer/SDKs/iPhoneOS26.0.sdk -x objective-c -c /dev/null

ExecuteExternalTool /Applications/Xcode-beta-3.app/Contents/Developer/Toolchains/XcodeDefault.xctoolchain/usr/bin/clang -v -E -dM -arch arm64 -isysroot /Applications/Xcode-beta-3.app/Contents/Developer/Platforms/iPhoneOS.platform/Developer/SDKs/iPhoneOS26.0.sdk -x c -c /dev/null

ExecuteExternalTool /Applications/Xcode-beta-3.app/Contents/Developer/Toolchains/XcodeDefault.xctoolchain/usr/bin/ld -version_details

ExecuteExternalTool /Applications/Xcode-beta-3.app/Contents/Developer/Toolchains/XcodeDefault.xctoolchain/usr/bin/libtool -V

Build description signature: bfe1c44b53a3d5bd18ca97be0925f180
Build description path: /Users/victorj/Projects/ish64/ios/build-xcode/build/XCBuildData/bfe1c44b53a3d5bd18ca97be0925f180.xcbuilddata
note: Run script build phase 'Generate CMakeFiles/ZERO_CHECK' will be run during every build because the option to run the script phase "Based on dependency analysis" is unchecked. (in target 'ZERO_CHECK' from project 'ish64_ios')
/Users/victorj/Projects/ish64/ios/build-xcode/ish64_ios.xcodeproj: error: Signing for "ish64_ios" requires a development team. Select a development team in the Signing & Capabilities editor. (in target 'ish64_ios' from project 'ish64_ios')
